Build started 12/4/2013 9:02:01 PM.
     1>Project "Z:\GitHub\SpaceCombat\SpaceCombat\SpaceCombat\SpaceCombat.vcxproj" on node 2 (Build target(s)).
     1>ClCompile:
         C:\Program Files (x86)\Microsoft Visual Studio 11.0\VC\bin\CL.exe /c /I"Z:\GitHub\SpaceCombat\SpaceCombat\glm-0.9.4.6" /ZI /nologo /W3 /WX- /sdl /Od /Oy- /D _MBCS /Gm /EHsc /RTC1 /MDd /GS /fp:precise /Zc:wchar_t /Zc:forScope /Fo"Debug\\" /Fd"Debug\vc110.pdb" /Gd /TP /analyze- /errorReport:prompt Camera.cpp Player.cpp Quaternion.cpp
         Quaternion.cpp
     1>z:\github\spacecombat\spacecombat\spacecombat\quaternion.cpp(62): warning C4244: 'argument' : conversion from 'double' to 'float', possible loss of data
     1>z:\github\spacecombat\spacecombat\spacecombat\quaternion.cpp(99): warning C4244: 'argument' : conversion from 'double' to 'float', possible loss of data
     1>z:\github\spacecombat\spacecombat\spacecombat\quaternion.cpp(137): warning C4172: returning address of local variable or temporary
         Player.cpp
     1>z:\github\spacecombat\spacecombat\spacecombat\player.h(5): fatal error C1083: Cannot open include file: 'glm/glm.hpp': No such file or directory
         Camera.cpp
         Generating Code...
     1>Done Building Project "Z:\GitHub\SpaceCombat\SpaceCombat\SpaceCombat\SpaceCombat.vcxproj" (Build target(s)) -- FAILED.

Build FAILED.

Time Elapsed 00:00:04.80
